<?xml version="1.0" encoding="UTF-8"?>
<testsuite name="com.example.joonbug.JoonBugApplicationTests" tests="1" skipped="0" failures="0" errors="0" timestamp="2026-01-25T07:09:53.315Z" hostname="joonbugui-MacBookAir.local" time="0.619">
  <properties/>
  <testcase name="contextLoads()" classname="com.example.joonbug.JoonBugApplicationTests" time="0.619"/>
  <system-out><![CDATA[16:09:45.186 [Test worker] INFO org.springframework.test.context.support.AnnotationConfigContextLoaderUtils -- Could not detect default configuration classes for test class [com.example.joonbug.JoonBugApplicationTests]: JoonBugApplicationTests does not declare any static, non-private, non-final, nested classes annotated with @Configuration.
16:09:45.372 [Test worker] INFO org.springframework.boot.test.context.SpringBootTestContextBootstrapper -- Found @SpringBootConfiguration com.example.joonbug.JoonBugApplication for test class com.example.joonbug.JoonBugApplicationTests

  .   ____          _            __ _ _
 /\\ / ___'_ __ _ _(_)_ __  __ _ \ \ \ \
( ( )\___ | '_ | '_| | '_ \/ _` | \ \ \ \
 \\/  ___)| |_)| | | | | || (_| |  ) ) ) )
  '  |____| .__|_| |_|_| |_\__, | / / / /
 =========|_|==============|___/=/_/_/_/

 :: Spring Boot ::                (v4.0.1)

2026-01-25T16:09:46.104+09:00  INFO 13938 --- [joon_bug] [    Test worker] c.e.joonbug.JoonBugApplicationTests      : Starting JoonBugApplicationTests using Java 21.0.9 with PID 13938 (started by joonbug in /Users/joonbug/Desktop/prj/2026_jpa_study/joon.bug)
2026-01-25T16:09:46.108+09:00  INFO 13938 --- [joon_bug] [    Test worker] c.e.joonbug.JoonBugApplicationTests      : No active profile set, falling back to 1 default profile: "default"
2026-01-25T16:09:47.955+09:00  INFO 13938 --- [joon_bug] [    Test worker] .s.d.r.c.RepositoryConfigurationDelegate : Bootstrapping Spring Data JPA repositories in DEFAULT mode.
2026-01-25T16:09:48.041+09:00  INFO 13938 --- [joon_bug] [    Test worker] .s.d.r.c.RepositoryConfigurationDelegate : Finished Spring Data repository scanning in 78 ms. Found 1 JPA repository interface.
2026-01-25T16:09:48.513+09:00  INFO 13938 --- [joon_bug] [    Test worker] com.zaxxer.hikari.HikariDataSource       : HikariPool-1 - Starting...
2026-01-25T16:09:48.770+09:00  INFO 13938 --- [joon_bug] [    Test worker] com.zaxxer.hikari.pool.HikariPool        : HikariPool-1 - Added connection conn0: url=jdbc:h2:mem:joon_bug user=SA
2026-01-25T16:09:48.772+09:00  INFO 13938 --- [joon_bug] [    Test worker] com.zaxxer.hikari.HikariDataSource       : HikariPool-1 - Start completed.
2026-01-25T16:09:48.862+09:00  INFO 13938 --- [joon_bug] [    Test worker] org.hibernate.orm.jpa                    : HHH008540: Processing PersistenceUnitInfo [name: default]
2026-01-25T16:09:48.904+09:00  INFO 13938 --- [joon_bug] [    Test worker] org.hibernate.orm.core                   : HHH000001: Hibernate ORM core version 7.2.0.Final
2026-01-25T16:09:49.502+09:00  INFO 13938 --- [joon_bug] [    Test worker] o.s.o.j.p.SpringPersistenceUnitInfo      : No LoadTimeWeaver setup: ignoring JPA class transformer
2026-01-25T16:09:49.613+09:00  INFO 13938 --- [joon_bug] [    Test worker] org.hibernate.orm.connections.pooling    : HHH10001005: Database info:
	Database JDBC URL [jdbc:h2:mem:joon_bug]
	Database driver: H2 JDBC Driver
	Database dialect: H2Dialect
	Database version: 2.4.240
	Default catalog/schema: JOON_BUG/PUBLIC
	Autocommit mode: undefined/unknown
	Isolation level: READ_COMMITTED [default READ_COMMITTED]
	JDBC fetch size: 100
	Pool: DataSourceConnectionProvider
	Minimum pool size: undefined/unknown
	Maximum pool size: undefined/unknown
2026-01-25T16:09:50.905+09:00  INFO 13938 --- [joon_bug] [    Test worker] org.hibernate.orm.core                   : HHH000489: No JTA platform available (set 'hibernate.transaction.jta.platform' to enable JTA platform integration)
2026-01-25T16:09:50.916+09:00  INFO 13938 --- [joon_bug] [    Test worker] j.LocalContainerEntityManagerFactoryBean : Initialized JPA EntityManagerFactory for persistence unit 'default'
2026-01-25T16:09:51.271+09:00  INFO 13938 --- [joon_bug] [    Test worker] o.s.d.j.r.query.QueryEnhancerFactories   : Hibernate is in classpath; If applicable, HQL parser will be used.
2026-01-25T16:09:51.606+09:00  WARN 13938 --- [joon_bug] [    Test worker] JpaBaseConfiguration$JpaWebConfiguration : spring.jpa.open-in-view is enabled by default. Therefore, database queries may be performed during view rendering. Explicitly configure spring.jpa.open-in-view to disable this warning
2026-01-25T16:09:52.208+09:00  INFO 13938 --- [joon_bug] [    Test worker] o.s.b.h.a.H2ConsoleAutoConfiguration     : H2 console available at '/h2-console'. Database available at 'jdbc:h2:mem:joon_bug'
2026-01-25T16:09:52.326+09:00  INFO 13938 --- [joon_bug] [    Test worker] c.e.joonbug.JoonBugApplicationTests      : Started JoonBugApplicationTests in 6.732 seconds (process running for 8.636)
==== RepositoryRunner =====
findMember = JoonBug, age = 30
member.size = 1
==== JpaRunner =====
findMember = JoonBug, age = 31
member.size = 1
]]></system-out>
  <system-err><![CDATA[Mockito is currently self-attaching to enable the inline-mock-maker. This will no longer work in future releases of the JDK. Please add Mockito as an agent to your build as described in Mockito's documentation: https://javadoc.io/doc/org.mockito/mockito-core/latest/org.mockito/org/mockito/Mockito.html#0.3
WARNING: A Java agent has been loaded dynamically (/Users/joonbug/.gradle/caches/modules-2/files-2.1/net.bytebuddy/byte-buddy-agent/1.17.8/f09415827a71be7ed621c7bd02550678f28bc81c/byte-buddy-agent-1.17.8.jar)
WARNING: If a serviceability tool is in use, please run with -XX:+EnableDynamicAgentLoading to hide this warning
WARNING: If a serviceability tool is not in use, please run with -Djdk.instrument.traceUsage for more information
WARNING: Dynamic loading of agents will be disallowed by default in a future release
]]></system-err>
</testsuite>
